[0.180s] Invoking command in '/home/ubuntu/ros2_ws/build/champ_bringup': CMAKE_PREFIX_PATH=/home/ubuntu/ros2_ws/install/champ_base:/home/ubuntu/ros2_ws/install/champ_msgs:/home/ubuntu/ros2_ws/install/champ_description:/home/ubuntu/ros2_ws/install/champ:/home/ubuntu/ros2_ws/install/pupper_interfaces:/home/ubuntu/ros2_ws/install/mini_pupper_interfaces:/home/ubuntu/ros2_ws/install/mini_pupper_description:/home/ubuntu/ros2_ws/install/mini_pupper_bringup:/home/ubuntu/ros2_ws/install/mini_pupper_2_description:/home/ubuntu/ros2_ws/install/ldlidar_stl_ros2:/home/ubuntu/ros2_ws/install/champ_teleop:/home/ubuntu/ros2_ws/install/champ_bringup:/home/ubuntu/ros2_ws/install/champ_config:/home/ubuntu/ros2_ws/install/go_pupper_srv:/home/ubuntu/ros2_ws/install/mini_pupper_music:/home/ubuntu/ros2_ws/install/mini_pupper_dance:/home/ubuntu/ros2_ws/install/mini_pupper_driver:/opt/ros/humble LD_LIBRARY_PATH=/home/ubuntu/ros2_ws/install/champ_base/lib:/home/ubuntu/ros2_ws/install/champ_msgs/lib:/home/ubuntu/ros2_ws/install/pupper_interfaces/lib:/home/ubuntu/ros2_ws/install/mini_pupper_interfaces/lib:/opt/ros/humble/opt/rviz_ogre_vendor/lib:/opt/ros/humble/lib/aarch64-linux-gnu:/opt/ros/humble/lib /usr/bin/cmake --build /home/ubuntu/ros2_ws/build/champ_bringup -- -j4 -l4
[1.019s] Built target ament_cmake_python_symlink_champ_bringup
[3.853s] Traceback (most recent call last):
[3.856s]   File "/home/ubuntu/ros2_ws/build/champ_bringup/ament_cmake_python/champ_bringup/setup.py", line 1, in <module>
[3.859s]     from setuptools import find_packages
[3.861s]   File "/usr/local/lib/python3.10/dist-packages/setuptools/__init__.py", line 16, in <module>
[3.862s]     import setuptools.version
[3.863s]   File "/usr/local/lib/python3.10/dist-packages/setuptools/version.py", line 1, in <module>
[3.865s]     import pkg_resources
[3.872s]   File "/usr/local/lib/python3.10/dist-packages/pkg_resources/__init__.py", line 3243, in <module>
[3.873s]     def _initialize_master_working_set():
[3.877s]   File "/usr/local/lib/python3.10/dist-packages/pkg_resources/__init__.py", line 3226, in _call_aside
[3.878s]     f(*args, **kwargs)
[3.879s]   File "/usr/local/lib/python3.10/dist-packages/pkg_resources/__init__.py", line 3278, in _initialize_master_working_set
[3.881s]     list(map(working_set.add_entry, sys.path))
[3.914s]   File "/usr/local/lib/python3.10/dist-packages/pkg_resources/__init__.py", line 608, in add_entry
[3.917s]     for dist in find_distributions(entry, True):
[3.918s]   File "/usr/local/lib/python3.10/dist-packages/pkg_resources/__init__.py", line 2063, in find_on_path
[3.948s]     for dist in factory(fullpath):
[3.949s]   File "/usr/local/lib/python3.10/dist-packages/pkg_resources/__init__.py", line 2128, in distributions_from_metadata
[3.950s]     yield Distribution.from_location(
[3.952s]   File "/usr/local/lib/python3.10/dist-packages/pkg_resources/__init__.py", line 2591, in from_location
[3.980s]     )._reload_version()
[4.003s]   File "/usr/local/lib/python3.10/dist-packages/pkg_resources/__init__.py", line 2989, in _reload_version
[4.005s]     md_version = self._get_version()
[4.006s]   File "/usr/local/lib/python3.10/dist-packages/pkg_resources/__init__.py", line 2770, in _get_version
[4.023s]     version = _version_from_file(lines)
[4.025s]   File "/usr/local/lib/python3.10/dist-packages/pkg_resources/__init__.py", line 2554, in _version_from_file
[4.061s]     line = next(iter(version_lines), '')
[4.063s]   File "/usr/local/lib/python3.10/dist-packages/pkg_resources/__init__.py", line 2765, in _get_metadata
[4.064s]     for line in self.get_metadata_lines(name):
[4.065s]   File "/usr/local/lib/python3.10/dist-packages/pkg_resources/__init__.py", line 1417, in get_metadata_lines
[4.067s]     return yield_lines(self.get_metadata(name))
[4.068s]   File "/usr/local/lib/python3.10/dist-packages/pkg_resources/__init__.py", line 1407, in get_metadata
[4.070s]     value = self._get(path)
[4.096s]   File "/usr/local/lib/python3.10/dist-packages/pkg_resources/__init__.py", line 1611, in _get
[4.098s]     with open(path, 'rb') as stream:
[4.114s] FileNotFoundError: [Errno 2] No such file or directory: '/home/ubuntu/ros2_ws/install/mini_pupper_music/lib/python3.10/site-packages/mini_pupper_music-1.0.0-py3.10.egg-info/PKG-INFO'
[4.182s] gmake[2]: *** [CMakeFiles/ament_cmake_python_build_champ_bringup_egg.dir/build.make:70: CMakeFiles/ament_cmake_python_build_champ_bringup_egg] Error 1
[4.214s] gmake[1]: *** [CMakeFiles/Makefile2:164: CMakeFiles/ament_cmake_python_build_champ_bringup_egg.dir/all] Error 2
[4.215s] gmake: *** [Makefile:146: all] Error 2
[4.217s] Invoked command in '/home/ubuntu/ros2_ws/build/champ_bringup' returned '2': CMAKE_PREFIX_PATH=/home/ubuntu/ros2_ws/install/champ_base:/home/ubuntu/ros2_ws/install/champ_msgs:/home/ubuntu/ros2_ws/install/champ_description:/home/ubuntu/ros2_ws/install/champ:/home/ubuntu/ros2_ws/install/pupper_interfaces:/home/ubuntu/ros2_ws/install/mini_pupper_interfaces:/home/ubuntu/ros2_ws/install/mini_pupper_description:/home/ubuntu/ros2_ws/install/mini_pupper_bringup:/home/ubuntu/ros2_ws/install/mini_pupper_2_description:/home/ubuntu/ros2_ws/install/ldlidar_stl_ros2:/home/ubuntu/ros2_ws/install/champ_teleop:/home/ubuntu/ros2_ws/install/champ_bringup:/home/ubuntu/ros2_ws/install/champ_config:/home/ubuntu/ros2_ws/install/go_pupper_srv:/home/ubuntu/ros2_ws/install/mini_pupper_music:/home/ubuntu/ros2_ws/install/mini_pupper_dance:/home/ubuntu/ros2_ws/install/mini_pupper_driver:/opt/ros/humble LD_LIBRARY_PATH=/home/ubuntu/ros2_ws/install/champ_base/lib:/home/ubuntu/ros2_ws/install/champ_msgs/lib:/home/ubuntu/ros2_ws/install/pupper_interfaces/lib:/home/ubuntu/ros2_ws/install/mini_pupper_interfaces/lib:/opt/ros/humble/opt/rviz_ogre_vendor/lib:/opt/ros/humble/lib/aarch64-linux-gnu:/opt/ros/humble/lib /usr/bin/cmake --build /home/ubuntu/ros2_ws/build/champ_bringup -- -j4 -l4
